<?xml version="1.0" encoding="UTF-8"?>
<coverage generated="1674581944860" clover="3.2.0">
  <project timestamp="1674581944860" name="All files">
    <metrics statements="36" coveredstatements="36" conditionals="10" coveredconditionals="10" methods="3" coveredmethods="3" elements="49" coveredelements="49" complexity="0" loc="36" ncloc="36" packages="1" files="4" classes="4"/>
    <file name="formatPhoneNumber.ts" path="H:\git\parsePhoneNumber\src\formatPhoneNumber.ts">
      <metrics statements="17" coveredstatements="17" conditionals="6" coveredconditionals="6" methods="1" coveredmethods="1"/>
      <line num="1" count="1" type="stmt"/>
      <line num="3" count="1" type="stmt"/>
      <line num="4" count="11" type="stmt"/>
      <line num="5" count="11" type="stmt"/>
      <line num="7" count="11" type="stmt"/>
      <line num="8" count="11" type="stmt"/>
      <line num="9" count="51" type="cond" truecount="1" falsecount="0"/>
      <line num="10" count="51" type="cond" truecount="1" falsecount="0"/>
      <line num="12" count="51" type="stmt"/>
      <line num="13" count="51" type="stmt"/>
      <line num="14" count="51" type="stmt"/>
      <line num="16" count="51" type="stmt"/>
      <line num="19" count="11" type="stmt"/>
      <line num="20" count="11" type="cond" truecount="1" falsecount="0"/>
      <line num="21" count="11" type="cond" truecount="1" falsecount="0"/>
      <line num="25" count="4" type="stmt"/>
      <line num="27" count="11" type="stmt"/>
    </file>
    <file name="index.ts" path="H:\git\parsePhoneNumber\src\index.ts">
      <metrics statements="2" coveredstatements="2" conditionals="0" coveredconditionals="0" methods="0" coveredmethods="0"/>
      <line num="1" count="1" type="stmt"/>
      <line num="3" count="1" type="stmt"/>
    </file>
    <file name="parseIndicator.ts" path="H:\git\parsePhoneNumber\src\parseIndicator.ts">
      <metrics statements="11" coveredstatements="11" conditionals="4" coveredconditionals="4" methods="1" coveredmethods="1"/>
      <line num="1" count="1" type="stmt"/>
      <line num="5" count="1" type="stmt"/>
      <line num="8" count="12" type="stmt"/>
      <line num="9" count="12" type="stmt"/>
      <line num="11" count="12" type="cond" truecount="3" falsecount="0"/>
      <line num="12" count="11" type="stmt"/>
      <line num="13" count="11" type="stmt"/>
      <line num="14" count="11" type="stmt"/>
      <line num="17" count="12" type="cond" truecount="1" falsecount="0"/>
      <line num="18" count="1" type="stmt"/>
      <line num="22" count="11" type="stmt"/>
    </file>
    <file name="parsePhoneNumber.ts" path="H:\git\parsePhoneNumber\src\parsePhoneNumber.ts">
      <metrics statements="6" coveredstatements="6" conditionals="0" coveredconditionals="0" methods="1" coveredmethods="1"/>
      <line num="1" count="1" type="stmt"/>
      <line num="2" count="1" type="stmt"/>
      <line num="14" count="1" type="stmt"/>
      <line num="15" count="12" type="stmt"/>
      <line num="16" count="11" type="stmt"/>
      <line num="17" count="11" type="stmt"/>
    </file>
  </project>
</coverage>
