{"H:\\git\\parsePhoneNumber\\src\\formatPhoneNumber.ts": {"path":"H:\\git\\parsePhoneNumber\\src\\formatPhoneNumber.ts","statementMap":{"0":{"start":{"line":1,"column":30},"end":{"line":1,"column":35}},"1":{"start":{"line":4,"column":2},"end":{"line":4,"column":52}},"2":{"start":{"line":5,"column":13},"end":{"line":5,"column":14}},"3":{"start":{"line":7,"column":26},"end":{"line":7,"column":28}},"4":{"start":{"line":8,"column":2},"end":{"line":17,"column":null}},"5":{"start":{"line":9,"column":4},"end":{"line":9,"column":37}},"6":{"start":{"line":9,"column":28},"end":{"line":9,"column":37}},"7":{"start":{"line":10,"column":4},"end":{"line":10,"column":54}},"8":{"start":{"line":10,"column":28},"end":{"line":10,"column":54}},"9":{"start":{"line":12,"column":18},"end":{"line":12,"column":43}},"10":{"start":{"line":13,"column":17},"end":{"line":13,"column":45}},"11":{"start":{"line":14,"column":4},"end":{"line":14,"column":50}},"12":{"start":{"line":16,"column":4},"end":{"line":16,"column":21}},"13":{"start":{"line":19,"column":20},"end":{"line":19,"column":36}},"14":{"start":{"line":20,"column":2},"end":{"line":20,"column":73}},"15":{"start":{"line":20,"column":32},"end":{"line":20,"column":73}},"16":{"start":{"line":21,"column":2},"end":{"line":25,"column":38}},"17":{"start":{"line":25,"column":4},"end":{"line":25,"column":38}},"18":{"start":{"line":27,"column":2},"end":{"line":27,"column":42}},"19":{"start":{"line":3,"column":0},"end":{"line":3,"column":24}}},"fnMap":{"0":{"name":"formatPhoneNumber","decl":{"start":{"line":3,"column":24},"end":{"line":3,"column":41}},"loc":{"start":{"line":3,"column":61},"end":{"line":28,"column":1}}}},"branchMap":{"0":{"loc":{"start":{"line":9,"column":4},"end":{"line":9,"column":37}},"type":"if","locations":[{"start":{"line":9,"column":4},"end":{"line":9,"column":37}}]},"1":{"loc":{"start":{"line":10,"column":4},"end":{"line":10,"column":54}},"type":"if","locations":[{"start":{"line":10,"column":4},"end":{"line":10,"column":54}}]},"2":{"loc":{"start":{"line":20,"column":2},"end":{"line":20,"column":73}},"type":"if","locations":[{"start":{"line":20,"column":2},"end":{"line":20,"column":73}}]},"3":{"loc":{"start":{"line":21,"column":2},"end":{"line":25,"column":38}},"type":"if","locations":[{"start":{"line":21,"column":2},"end":{"line":25,"column":38}}]},"4":{"loc":{"start":{"line":22,"column":4},"end":{"line":23,"column":46}},"type":"binary-expr","locations":[{"start":{"line":22,"column":4},"end":{"line":22,"column":34}},{"start":{"line":23,"column":4},"end":{"line":23,"column":46}}]}},"s":{"0":1,"1":11,"2":11,"3":11,"4":11,"5":51,"6":11,"7":51,"8":7,"9":51,"10":51,"11":51,"12":51,"13":11,"14":11,"15":7,"16":11,"17":4,"18":11,"19":1},"f":{"0":11},"b":{"0":[11],"1":[7],"2":[7],"3":[4],"4":[11,11]}}
,"H:\\git\\parsePhoneNumber\\src\\index.ts": {"path":"H:\\git\\parsePhoneNumber\\src\\index.ts","statementMap":{"0":{"start":{"line":1,"column":0},"end":{"line":1,"column":50}},"1":{"start":{"line":3,"column":0},"end":{"line":3,"column":32}}},"fnMap":{},"branchMap":{},"s":{"0":1,"1":1},"f":{},"b":{}}
,"H:\\git\\parsePhoneNumber\\src\\parseIndicator.ts": {"path":"H:\\git\\parsePhoneNumber\\src\\parseIndicator.ts","statementMap":{"0":{"start":{"line":1,"column":25},"end":{"line":1,"column":30}},"1":{"start":{"line":8,"column":18},"end":{"line":8,"column":34}},"2":{"start":{"line":9,"column":13},"end":{"line":9,"column":24}},"3":{"start":{"line":11,"column":2},"end":{"line":15,"column":null}},"4":{"start":{"line":12,"column":25},"end":{"line":12,"column":47}},"5":{"start":{"line":13,"column":4},"end":{"line":13,"column":41}},"6":{"start":{"line":14,"column":4},"end":{"line":14,"column":23}},"7":{"start":{"line":17,"column":2},"end":{"line":20,"column":6}},"8":{"start":{"line":18,"column":4},"end":{"line":20,"column":6}},"9":{"start":{"line":22,"column":2},"end":{"line":22,"column":29}},"10":{"start":{"line":5,"column":0},"end":{"line":5,"column":24}}},"fnMap":{"0":{"name":"parseIndicator","decl":{"start":{"line":5,"column":24},"end":{"line":5,"column":38}},"loc":{"start":{"line":6,"column":21},"end":{"line":23,"column":1}}}},"branchMap":{"0":{"loc":{"start":{"line":11,"column":2},"end":{"line":15,"column":null}},"type":"if","locations":[{"start":{"line":11,"column":2},"end":{"line":15,"column":null}}]},"1":{"loc":{"start":{"line":11,"column":6},"end":{"line":11,"column":65}},"type":"binary-expr","locations":[{"start":{"line":11,"column":6},"end":{"line":11,"column":34}},{"start":{"line":11,"column":38},"end":{"line":11,"column":65}}]},"2":{"loc":{"start":{"line":17,"column":2},"end":{"line":20,"column":6}},"type":"if","locations":[{"start":{"line":17,"column":2},"end":{"line":20,"column":6}}]}},"s":{"0":1,"1":12,"2":12,"3":12,"4":11,"5":11,"6":11,"7":12,"8":1,"9":11,"10":1},"f":{"0":12},"b":{"0":[11],"1":[12,12],"2":[1]}}
,"H:\\git\\parsePhoneNumber\\src\\parsePhoneNumber.ts": {"path":"H:\\git\\parsePhoneNumber\\src\\parsePhoneNumber.ts","statementMap":{"0":{"start":{"line":1,"column":0},"end":{"line":1,"column":52}},"1":{"start":{"line":2,"column":0},"end":{"line":2,"column":46}},"2":{"start":{"line":15,"column":30},"end":{"line":15,"column":57}},"3":{"start":{"line":16,"column":26},"end":{"line":16,"column":62}},"4":{"start":{"line":17,"column":2},"end":{"line":17,"column":25}},"5":{"start":{"line":14,"column":0},"end":{"line":14,"column":24}}},"fnMap":{"0":{"name":"parsePhoneNumber","decl":{"start":{"line":14,"column":24},"end":{"line":14,"column":40}},"loc":{"start":{"line":14,"column":60},"end":{"line":18,"column":1}}}},"branchMap":{},"s":{"0":1,"1":1,"2":12,"3":11,"4":11,"5":1},"f":{"0":12},"b":{}}
}
