TN:
SF:src\formatPhoneNumber.ts
FN:3,formatPhoneNumber
FNF:1
FNH:1
FNDA:11,formatPhoneNumber
DA:1,1
DA:3,1
DA:4,11
DA:5,11
DA:7,11
DA:8,11
DA:9,51
DA:10,51
DA:12,51
DA:13,51
DA:14,51
DA:16,51
DA:19,11
DA:20,11
DA:21,11
DA:25,4
DA:27,11
LF:17
LH:17
BRDA:9,0,0,11
BRDA:10,1,0,7
BRDA:20,2,0,7
BRDA:21,3,0,4
BRDA:22,4,0,11
BRDA:22,4,1,11
BRF:6
BRH:6
end_of_record
TN:
SF:src\index.ts
FNF:0
FNH:0
DA:1,1
DA:3,1
LF:2
LH:2
BRF:0
BRH:0
end_of_record
TN:
SF:src\parseIndicator.ts
FN:5,parseIndicator
FNF:1
FNH:1
FNDA:12,parseIndicator
DA:1,1
DA:5,1
DA:8,12
DA:9,12
DA:11,12
DA:12,11
DA:13,11
DA:14,11
DA:17,12
DA:18,1
DA:22,11
LF:11
LH:11
BRDA:11,0,0,11
BRDA:11,1,0,12
BRDA:11,1,1,12
BRDA:17,2,0,1
BRF:4
BRH:4
end_of_record
TN:
SF:src\parsePhoneNumber.ts
FN:14,parsePhoneNumber
FNF:1
FNH:1
FNDA:12,parsePhoneNumber
DA:1,1
DA:2,1
DA:14,1
DA:15,12
DA:16,11
DA:17,11
LF:6
LH:6
BRF:0
BRH:0
end_of_record
